<?xml version="1.0" encoding="UTF-8"?>
<!-- Generated by org.testng.reporters.JUnitReportReporter -->
<testsuite skipped="0" hostname="DESKTOP-5S5PDPE" name="variousConcepts.CRMTest" tests="3" failures="0" timestamp="2022-03-09T13:41:12 HST" time="24.723" errors="0">
  <testcase name="loginTest" time="8.423" classname="variousConcepts.CRMTest"/>
  <system-out/>
  <testcase name="addContact" time="9.208" classname="variousConcepts.CRMTest"/>
  <system-out/>
  <testcase name="loginTestNeg" time="7.092" classname="variousConcepts.CRMTest"/>
  <system-out/>
</testsuite> <!-- variousConcepts.CRMTest -->
